

HI-TECH Software PIC LITE Macro Assembler V9.81 build 7503 
                                                                                               Fri Oct 04 12:02:31 2024

HI-TECH Software Omniscient Code Generator (Lite mode) build 7503
     1  0000                     opt subtitle "HI-TECH Software Omniscient Code Generator (Lite mode) build 7503"
     2                           
     3                           opt pagewidth 120
     4                           
     5                           	opt lm
     6                           
     7                           	processor	16F877A
     8                           clrc	macro
     9                           	bcf	3,0
    10  0000                     	endm
    11                           clrz	macro
    12                           	bcf	3,2
    13  0000                     	endm
    14                           setc	macro
    15                           	bsf	3,0
    16  0000                     	endm
    17                           setz	macro
    18                           	bsf	3,2
    19  0000                     	endm
    20                           skipc	macro
    21                           	btfss	3,0
    22  0000                     	endm
    23                           skipz	macro
    24                           	btfss	3,2
    25  0000                     	endm
    26                           skipnc	macro
    27                           	btfsc	3,0
    28  0000                     	endm
    29                           skipnz	macro
    30                           	btfsc	3,2
    31  0000                     	endm
    32  0000                     indf	equ	0
    33  0000                     indf0	equ	0
    34  0002                     pc	equ	2
    35  0002                     pcl	equ	2
    36  0003                     status	equ	3
    37  0004                     fsr	equ	4
    38  0004                     fsr0	equ	4
    39  0001                     c	equ	1
    40  0000                     z	equ	0
    41  000A                     pclath	equ	10
    42                           	FNROOT	_main
    43                           	global	_PORTC
    44                           psect	maintext,global,class=CODE,delta=2
    45                           global __pmaintext
    46  07EB                     __pmaintext:
    47  0007                     _PORTC	set	7
    48                           	global	_RB3
    49  0033                     _RB3	set	51
    50                           	global	_TRISB
    51  0086                     _TRISB	set	134
    52                           	global	_TRISC
    53  0087                     _TRISC	set	135
    54                           	file	"picbutton.as"
    55                           	line	#
    56                           psect cinit,class=CODE,delta=2
    57                           global start_initialization
    58  07E7                     start_initialization:
    59                           
    60                           psect cinit,class=CODE,delta=2
    61                           global end_of_initialization
    62                           
    63                           ;End of C runtime variable initialization code
    64                           
    65  07E7                     end_of_initialization:
    66  07E7  0183               clrf status
    67  07E8  120A  118A  2FEB   ljmp _main	;jump to C main() function
    68                           psect	cstackCOMMON,class=COMMON,space=1
    69                           global __pcstackCOMMON
    70  0000                     __pcstackCOMMON:
    71                           	global	?_main
    72  0000                     ?_main:	; 0 bytes @ 0x0
    73                           	global	??_main
    74  0000                     ??_main:	; 0 bytes @ 0x0
    75 ;;Data sizes: Strings 0, constant 0, data 0, bss 0, persistent 0 stack 0
    76 ;;Auto spaces:   Size  Autos    Used
    77 ;; COMMON          14      0       0
    78 ;; BANK0           80      0       0
    79 ;; BANK1           80      0       0
    80 ;; BANK3           96      0       0
    81 ;; BANK2           96      0       0
    82                           
    83 ;;
    84 ;; Pointer list with targets:
    85                           
    86                           
    87                           
    88 ;;
    89 ;; Critical Paths under _main in COMMON
    90 ;;
    91 ;;   None.
    92 ;;
    93 ;; Critical Paths under _main in BANK0
    94 ;;
    95 ;;   None.
    96 ;;
    97 ;; Critical Paths under _main in BANK1
    98 ;;
    99 ;;   None.
   100 ;;
   101 ;; Critical Paths under _main in BANK3
   102 ;;
   103 ;;   None.
   104 ;;
   105 ;; Critical Paths under _main in BANK2
   106 ;;
   107 ;;   None.
   108                           
   109 ;;
   110 ;;Main: autosize = 0, tempsize = 0, incstack = 0, save=0
   111 ;;
   112                           
   113 ;;
   114 ;;Call Graph Tables:
   115 ;;
   116 ;; ---------------------------------------------------------------------------------
   117 ;; (Depth) Function   	        Calls       Base Space   Used Autos Params    Refs
   118 ;; ---------------------------------------------------------------------------------
   119 ;; (0) _main                                                 0     0      0       0
   120 ;; ---------------------------------------------------------------------------------
   121 ;; Estimated maximum stack depth 0
   122 ;; ---------------------------------------------------------------------------------
   123                           
   124 ;; Call Graph Graphs:
   125                           
   126 ;; _main (ROOT)
   127 ;;
   128                           
   129 ;; Address spaces:
   130                           
   131 ;;Name               Size   Autos  Total    Cost      Usage
   132 ;;BITCOMMON            E      0       0       0        0.0%
   133 ;;EEDATA             100      0       0       0        0.0%
   134 ;;NULL                 0      0       0       0        0.0%
   135 ;;CODE                 0      0       0       0        0.0%
   136 ;;COMMON               E      0       0       1        0.0%
   137 ;;BITSFR0              0      0       0       1        0.0%
   138 ;;SFR0                 0      0       0       1        0.0%
   139 ;;BITSFR1              0      0       0       2        0.0%
   140 ;;SFR1                 0      0       0       2        0.0%
   141 ;;STACK                0      0       0       2        0.0%
   142 ;;ABS                  0      0       0       3        0.0%
   143 ;;BITBANK0            50      0       0       4        0.0%
   144 ;;BITSFR3              0      0       0       4        0.0%
   145 ;;SFR3                 0      0       0       4        0.0%
   146 ;;BANK0               50      0       0       5        0.0%
   147 ;;BITSFR2              0      0       0       5        0.0%
   148 ;;SFR2                 0      0       0       5        0.0%
   149 ;;BITBANK1            50      0       0       6        0.0%
   150 ;;BANK1               50      0       0       7        0.0%
   151 ;;BITBANK3            60      0       0       8        0.0%
   152 ;;BANK3               60      0       0       9        0.0%
   153 ;;BITBANK2            60      0       0      10        0.0%
   154 ;;BANK2               60      0       0      11        0.0%
   155 ;;DATA                 0      0       0      12        0.0%
   156                           
   157                           	global	_main
   158                           psect	maintext
   159                           
   160 ;; *************** function _main *****************
   161 ;; Defined at:
   162 ;;		line 4 in file "C:\Users\HP\OneDrive\Documents\PIC\BUTTON\button.c"
   163 ;; Parameters:    Size  Location     Type
   164 ;;		None
   165 ;; Auto vars:     Size  Location     Type
   166 ;;		None
   167 ;; Return value:  Size  Location     Type
   168 ;;		None               void
   169 ;; Registers used:
   170 ;;		wreg, status,2
   171 ;; Tracked objects:
   172 ;;		On entry : 17F/0
   173 ;;		On exit  : 0/0
   174 ;;		Unchanged: 0/0
   175 ;; Data sizes:     COMMON   BANK0   BANK1   BANK3   BANK2
   176 ;;      Params:         0       0       0       0       0
   177 ;;      Locals:         0       0       0       0       0
   178 ;;      Temps:          0       0       0       0       0
   179 ;;      Totals:         0       0       0       0       0
   180 ;;Total ram usage:        0 bytes
   181 ;; This function calls:
   182 ;;		Nothing
   183 ;; This function is called by:
   184 ;;		Startup code after reset
   185 ;; This function uses a non-reentrant model
   186 ;;
   187                           psect	maintext
   188                           	file	"C:\Users\HP\OneDrive\Documents\PIC\BUTTON\button.c"
   189                           	line	4
   190                           	global	__size_of_main
   191  0015                     	__size_of_main	equ	__end_of_main-_main
   192                           	
   193  07EB                     _main:	
   194                           	opt	stack 8
   195                           ; Regs used in _main: [wreg+status,2]
   196                           	line	5
   197                           	
   198  07EB                     l1059:	
   199                           ;button.c: 5: TRISB=0x01;
   200  07EB  3001               	movlw	(01h)
   201  07EC  1683               	bsf	status, 5	;RP0=1, select bank1
   202  07ED  1303               	bcf	status, 6	;RP1=0, select bank1
   203  07EE  0086               	movwf	(134)^080h	;volatile
   204                           	line	6
   205                           	
   206  07EF                     l1061:	
   207                           ;button.c: 6: TRISC=0x00;
   208  07EF  0187               	clrf	(135)^080h	;volatile
   209  07F0  2FF1               	goto	l1063
   210                           	line	7
   211                           ;button.c: 7: while(1)
   212                           	
   213  07F1                     l685:	
   214                           	line	9
   215                           	
   216  07F1                     l1063:	
   217                           ;button.c: 8: {
   218                           ;button.c: 9: if(RB3==0)
   219  07F1  1283               	bcf	status, 5	;RP0=0, select bank0
   220  07F2  1986               	btfsc	(51/8),(51)&7
   221  07F3  2FF5               	goto	u11
   222  07F4  2FF6               	goto	u10
   223  07F5                     u11:
   224  07F5  2FF9               	goto	l1067
   225  07F6                     u10:
   226                           	line	11
   227                           	
   228  07F6                     l1065:	
   229                           ;button.c: 10: {
   230                           ;button.c: 11: PORTC=0xFF;
   231  07F6  30FF               	movlw	(0FFh)
   232  07F7  0087               	movwf	(7)	;volatile
   233                           	line	12
   234                           ;button.c: 12: }
   235  07F8  2FF1               	goto	l1063
   236                           	line	13
   237                           	
   238  07F9                     l686:	
   239                           	line	15
   240                           	
   241  07F9                     l1067:	
   242                           ;button.c: 13: else
   243                           ;button.c: 14: {
   244                           ;button.c: 15: PORTC=0x00;
   245  07F9  0187               	clrf	(7)	;volatile
   246  07FA  2FF1               	goto	l1063
   247                           	line	16
   248                           	
   249  07FB                     l687:	
   250  07FB  2FF1               	goto	l1063
   251                           	line	17
   252                           	
   253  07FC                     l688:	
   254                           	line	7
   255  07FC  2FF1               	goto	l1063
   256                           	
   257  07FD                     l689:	
   258                           	line	17
   259                           	
   260  07FD                     l690:	
   261                           	global	start
   262  07FD  120A  118A  2800   	ljmp	start
   263                           	opt stack 0
   264                           GLOBAL	__end_of_main
   265  0800                     	__end_of_main:
   266 ;; =============== function _main ends ============
   267                           
   268                           	signat	_main,88
   269                           psect	maintext
   270                           	global	btemp
   271  007E                     	btemp set 07Eh
   272                           
   273                           	DABS	1,126,2	;btemp
   274                           	global	wtemp0
   275  007E                     	wtemp0 set btemp


HI-TECH Software PICC Macro Assembler V9.81 build 7503 
Symbol Table                                                                                   Fri Oct 04 12:02:31 2024

                  u10 07F6                    u11 07F5                   l690 07FD                   l685 07F1  
                 l686 07F9                   l687 07FB                   l688 07FC                   l689 07FD  
                 _RB3 0033                  l1061 07EF                  l1063 07F1                  l1065 07F6  
                l1067 07F9                  l1059 07EB                  _main 07EB                  btemp 007E  
                start 0000                 ?_main 0000                 _PORTC 0007                 _TRISB 0086  
               _TRISC 0087                 status 0003                 wtemp0 007E          __end_of_main 0800  
              ??_main 0000        __pcstackCOMMON 0000            __pmaintext 07EB  end_of_initialization 07E7  
 start_initialization 07E7         __size_of_main 0015  
